C166 COMPILER V7.53.0.0, ASC0                                                              07/18/2016 17:14:27 PAGE 1   


C166 COMPILER V7.53.0.0, COMPILATION OF MODULE ASC0
OBJECT MODULE PLACED IN asc0.OBJ
COMPILER INVOKED BY: C:\Keil\C166\BIN\C166.EXE asc0.c BROWSE MOD167 DEBUG TABS(2) 

 stmt lvl     source

    1         #include <K1887VE3T.H>
    2         #include <intrins.h>
    3         
    4         static bit volatile transmit_finish; 
    5         static bit volatile empty_TBUF;
    6         static bit volatile recive_finish;            
    7         
    8         void serial_TX_irq (void) interrupt S0TINT = 42 {
    9  1        transmit_finish = 1;           
   10  1      }
   11         
   12         void serial_TX_BUF_irc (void) interrupt S0TBINT = 71 {
   13  1        empty_TBUF = 1;
   14  1      }
   15         
   16         void serial_RX_irq (void) interrupt S0RINT = 43 {
   17  1        recive_finish = 1;       
   18  1      }
   19         
   20         char putchar (char c) {           // substitute function for putchar 
   21  1        while (!transmit_finish & !empty_TBUF & !S0TIR & !S0TBIR);
   22  1        _atomic_(0); 
   23  1        if (transmit_finish) transmit_finish = 0;
   24  1        if (empty_TBUF) empty_TBUF = 0;
   25  1        _endatomic_();
   26  1        _atomic_(0); 
   27  1        S0TIR = 0;
   28  1        S0TBIR = 0;
   29  1        _endatomic_();
   30  1        _atomic_(0);                   // start un-interruptable code 
   31  1        S0TBUF = c;
   32  1        _endatomic_();
   33  1        return(c);
   34  1      }
   35         
   36         char _getkeyserial_RX (void) { // substitute function for _getkey 
   37  1        while (!recive_finish & !S0RIR);
   38  1        _atomic_(0);                   // start un-interruptable code 
   39  1        recive_finish = 0;
   40  1        S0RIR = 0;      
   41  1        _endatomic_();         // end un-interruptable code
   42  1        return(S0RBUF);
   43  1      }
   44            
   45         void init_asc0 (unsigned long freq, unsigned int baud) {
   46  1        S0BG = (unsigned int)(freq / (32*(unsigned long) baud)) - 1;  // baudrate reload
   47  1        DP3 |= 0x0400;                                       // Set TXD for output 
   48  1        DP3 &= 0xF7FF;                                      // Set RXD for input 
   49  1        ALTSEL0P3 |= 0x0400;                                 // Configure port pins for serial interface 0    
   50  1        P3 |= 0x0400;                                       // Set TXD high 
   51  1        S0CON = 0x8011;
   52  1        S0RIC = 0x0044;                                     // Enable serial receive interrupt 
   53  1        S0TIC = 0x0044;                                     // Enable serial transmit interrupt 
   54  1        transmit_finish = 1;
   55  1      }
C166 COMPILER V7.53.0.0, ASC0                                                              07/18/2016 17:14:27 PAGE 2   



MODULE INFORMATION:   INITIALIZED  UNINITIALIZED
  CODE SIZE        =         216     --------
  NEAR-CONST SIZE  =    --------     --------
  FAR-CONST SIZE   =    --------     --------
  HUGE-CONST SIZE  =    --------     --------
  XHUGE-CONST SIZE =    --------     --------
  NEAR-DATA SIZE   =    --------     --------
  FAR-DATA SIZE    =    --------     --------
  XHUGE-DATA SIZE  =    --------     --------
  IDATA-DATA SIZE  =    --------     --------
  SDATA-DATA SIZE  =    --------     --------
  BDATA-DATA SIZE  =    --------     --------
  HUGE-DATA SIZE   =    --------     --------
  BIT SIZE         =           3     --------
  INIT'L SIZE      =    --------     --------
END OF MODULE INFORMATION.


C166 COMPILATION COMPLETE.  0 WARNING(S),  0 ERROR(S)
