C166 COMPILER V7.53.0.0, MAIN                                                              07/19/2016 10:43:36 PAGE 1   


C166 COMPILER V7.53.0.0, COMPILATION OF MODULE MAIN
OBJECT MODULE PLACED IN main.OBJ
COMPILER INVOKED BY: C:\Keil\C166\BIN\C166.EXE main.c BROWSE MOD167 DEBUG TABS(2) 

 stmt lvl     source

    1         #include "main.h"
    2         #include "can.h"
    3         #include "flash.h"
    4         #include "exin.h"
    5         #include "settings.h"
    6         #include "asc0.h"
    7         #include "algorithm.h"
    8         
    9         sbit P3_P1 = P3^1;
   10         
   11         sbit P9_P0 = P9^0;
   12         sbit P9_P1 = P9^1;
   13         
   14         sbit P9_P4 = P9^4;
   15         sbit P9_P5 = P9^5;
   16         
   17         sbit P9_P7 = P9^7;
   18         
   19         /*
   20         T0    - —Ç–∞–π–º–µ—Ä 1 —Å–µ–∫.
   21         –¢7/–¢8 - —Ç–∞–π–º–µ—Ä–∞ –®–ò–ú –≥–µ–Ω–µ—Ä–∞—Ü–∏–∏
   22         –¢1   - —Ç–∞–π–º–µ—Ä –æ–ø—Ä–æ—Å–∞ P7 –≤—Ö–æ–¥–æ–≤
   23         */
   24         uint16  uCountersArray[12];
   25         
   26         const uint8 can_msg[] = {1,2,3,4,5,6,7,8};
   27         
   28         void main(void)
   29         {
   30  1      
   31  1        int i = 0;
   32  1        int *mainP = 0;
   33  1        
   34  1        mainP = (int*)malloc(sizeof(int));
   35  1        
   36  1        init_asc0(8000000, 9600);
   37  1      
   38  1        SETTINGS_Init();
   39  1      
   40  1      
   41  1        DP9 = 0x00B3;
   42  1        P9 = 0x0000;
   43  1        
   44  1        
   45  1        
   46  1        T01CON = 0x0004;
   47  1        T0REL = 0x0BDC;
   48  1        
   49  1        T0IC = 0x006A;
   50  1        
   51  1        T78CON = 0x0000;
   52  1        T7IC = 0x006B;
   53  1        T8IC = 0x006C;
   54  1        
   55  1        CC16IC = 0x0075;
C166 COMPILER V7.53.0.0, MAIN                                                              07/19/2016 10:43:36 PAGE 2   

   56  1        CC20IC = 0x0076;
   57  1      
   58  1        
   59  1        //P9.0
   60  1        CC16 = 0xFC88;  
   61  1        CCM4 |= 0x0006; //–ø–æ–¥–∫–ª—é—á–∞–µ–º CC16O –≤ —Ä–µ–∂–∏–º–µ —Å—Ä–∞–≤–Ω–µ–Ω–∏—è –∫ —Ç–∞–π–º–µ—Ä—É 7 –≥–µ–
             -Ω–µ—Ä–∞—Ü–∏—è –ø—Ä–µ—Ä—ã–≤–∞–Ω–∏—è –ø–æ —Å—Ä–∞–≤–Ω–µ–Ω–∏—é
   62  1      
   63  1        //P9.4
   64  1        CC20 = 0xFC88;
   65  1        CCM5 |= 0x000E; //–ø–æ–¥–∫–ª—é—á–∞–µ–º CC20–û –≤ —Ä–µ–∂–∏–º–µ —Å—Ä–∞–≤–Ω–µ–Ω–∏—è –∫ —Ç–∞–π–º–µ—Ä—É 8 –≥–µ
             -–Ω–µ—Ä–∞—Ü–∏—è –ø—Ä–µ—Ä—ã–≤–∞–Ω–∏—è –ø–æ —Å—Ä–∞–≤–Ω–µ–Ω–∏—é
   66  1      
   67  1        InitializationEXIN();
   68  1        
   69  1        T0R = 1;
   70  1        T7R = 1;
   71  1        T8R = 1;
   72  1        
   73  1        IEN = 1;
   74  1        
   75  1        CAN_Init();
   76  1      
   77  1        
   78  1      
   79  1        /*
   80  1          for(i = 0;i<10;i+=2)
   81  1          {
   82  1            FLASH_WriteWord(0x030000 + i,i);
   83  1            FLASH_FSRControl();
   84  1            
   85  1            printf("%d OK\n",i);
   86  1          }
   87  1        */
   88  1        IEN = 1;
   89  1        
   90  1      
   91  1          while(1)
   92  1          {
   93  2          
   94  2          }
   95  1      }
   96         void _timer0(void) interrupt 0x20
   97         {
   98  1          ALGORITHM_Timer1000msElapsed();
   99  1      }
  100         void _timer7(void) interrupt 0x3D 
  101         {
  102  1        
  103  1        T7 = 0xFC26;
  104  1      
  105  1        P9_P0 = 0;  //–≤—ã–∫–ª—é—á–∞–µ–º –≤–µ—Ä—Ö–Ω–∏–π –∫–ª—é—á
  106  1        P9_P1 = 1;  //–≤–∫–ª—é—á–∞–µ–º –Ω–∏–∂–Ω–∏–π –∫–ª—é—á
  107  1        
  108  1      
  109  1      }
  110         void cc16_io(void) interrupt 0x30
  111         {
  112  1        
  113  1        
  114  1        P9_P1 = 0;  //–≤—ã–∫–ª—é—á–∞–µ–º –Ω–∏–∂–Ω–∏–π –∫–ª—é—á
  115  1        P9_P0 = 1;  //–≤–∫–ª—é—á–∞–µ–º –≤–µ—Ä—Ö–Ω–∏–π –∫–ª—é—á
C166 COMPILER V7.53.0.0, MAIN                                                              07/19/2016 10:43:36 PAGE 3   

  116  1        
  117  1      
  118  1      
  119  1        
  120  1      }
  121         void cc20_io(void) interrupt 0x34
  122         {
  123  1        P9_P5 = 0;
  124  1        P9_P4 = 1;
  125  1      }
  126         
  127         void _timer8(void) interrupt 0x3E 
  128         {
  129  1      
  130  1        
  131  1        T8 = 0xFC26;
  132  1        
  133  1        P9_P4 = 0;
  134  1        P9_P5 = 1;
  135  1      }
  136         
  137         void delay(unsigned long z){
  138  1        unsigned long x;
  139  1      
  140  1        for (x = 0; x < z; x++);
  141  1      }


MODULE INFORMATION:   INITIALIZED  UNINITIALIZED
  CODE SIZE        =         264     --------
  NEAR-CONST SIZE  =           8     --------
  FAR-CONST SIZE   =    --------     --------
  HUGE-CONST SIZE  =    --------     --------
  XHUGE-CONST SIZE =    --------     --------
  NEAR-DATA SIZE   =          24     --------
  FAR-DATA SIZE    =    --------     --------
  XHUGE-DATA SIZE  =    --------     --------
  IDATA-DATA SIZE  =    --------     --------
  SDATA-DATA SIZE  =    --------     --------
  BDATA-DATA SIZE  =    --------     --------
  HUGE-DATA SIZE   =    --------     --------
  BIT SIZE         =    --------     --------
  INIT'L SIZE      =    --------     --------
END OF MODULE INFORMATION.


C166 COMPILATION COMPLETE.  0 WARNING(S),  0 ERROR(S)
